2026-03-04 22:40:28,597 [INFO] ======================================================================
2026-03-04 22:40:28,597 [INFO] FILING PRODUCTION PIPELINE v1.0
2026-03-04 22:40:28,597 [INFO] Stack: 01_COA_366810
2026-03-04 22:40:28,597 [INFO] Path:  C:\Users\andre\LitigationOS\01_COA_366810
2026-03-04 22:40:28,597 [INFO] Court: Michigan Court of Appeals
2026-03-04 22:40:28,597 [INFO] ======================================================================
2026-03-04 22:40:28,597 [INFO] --- STEP 1: INTAKE ---
2026-03-04 22:40:28,681 [INFO]   Intake complete: 261 docs, 0 evidence files
2026-03-04 22:40:28,681 [INFO] --- STEP 2: PLACEHOLDER_CHECK ---
2026-03-04 22:40:28,683 [INFO]   Loaded 45 known placeholder values
2026-03-04 22:40:28,796 [INFO]   3914 unresolved placeholders found
2026-03-04 22:40:28,796 [INFO] --- STEP 3: AUTHORITY_CHECK ---
2026-03-04 22:40:31,876 [INFO]   2 incomplete citations found
2026-03-04 22:40:31,898 [INFO] --- STEP 4: EVIDENCE_CHECK ---
2026-03-04 22:40:33,213 [INFO]   Evidence check passed: 252 refs, 0 files
2026-03-04 22:40:33,244 [INFO] --- STEP 5: COMPLIANCE_CHECK ---
2026-03-04 22:40:33,280 [INFO]   Compliance passed for 0 documents
2026-03-04 22:40:33,291 [INFO] --- STEP 6: QA_GATE (GO/NO-GO Decision) ---
2026-03-04 22:40:33,301 [INFO]   QA Gate verdict: GO (P:3 W:2 F:0)
2026-03-04 22:40:33,301 [INFO] --- STEP 7: PDF_GENERATION ---
2026-03-04 22:40:33,772 [INFO]   PDF generation: 149 documents prepared
2026-03-04 22:40:33,773 [INFO] --- STEP 8: EXHIBIT_COMPILATION ---
2026-03-04 22:40:33,792 [INFO]   Exhibit compilation: 0 files, 718 DB entries
2026-03-04 22:40:33,793 [INFO] --- STEP 9: SERVICE_PACKET ---
2026-03-04 22:40:33,800 [INFO]   Service packet generated: 226 parties
2026-03-04 22:40:33,809 [INFO] --- STEP 10: EFILING_PREP ---
2026-03-04 22:40:33,815 [INFO]   E-filing prep: TrueFiling, 172 documents
2026-03-04 22:40:33,816 [INFO] --- STEP 11: FINAL_REPORT ---
2026-03-04 22:40:33,818 [INFO]   Final report written to C:\Users\andre\LitigationOS\01_COA_366810\PRODUCTION_OUTPUT
2026-03-04 22:40:33,818 [INFO] ======================================================================
2026-03-04 22:40:33,818 [INFO] PIPELINE COMPLETE: 9/11 steps passed
2026-03-04 22:40:33,819 [INFO] VERDICT: GO
2026-03-04 22:40:33,819 [INFO] Output: C:\Users\andre\LitigationOS\01_COA_366810\PRODUCTION_OUTPUT
2026-03-04 22:40:33,819 [INFO] ======================================================================
2026-03-04 22:40:33,830 [INFO]   Pipeline run logged to DB
