2026-03-04 22:41:31,402 [INFO] ======================================================================
2026-03-04 22:41:31,402 [INFO] FILING PRODUCTION PIPELINE v1.0
2026-03-04 22:41:31,402 [INFO] Stack: 05_BAR_BARNES
2026-03-04 22:41:31,402 [INFO] Path:  C:\Users\andre\LitigationOS\05_BAR_BARNES
2026-03-04 22:41:31,402 [INFO] Court: Attorney Grievance Commission
2026-03-04 22:41:31,402 [INFO] ======================================================================
2026-03-04 22:41:31,414 [INFO] --- STEP 1: INTAKE ---
2026-03-04 22:41:31,436 [INFO]   Intake complete: 35 docs, 0 evidence files
2026-03-04 22:41:31,436 [INFO] --- STEP 2: PLACEHOLDER_CHECK ---
2026-03-04 22:41:31,437 [INFO]   Loaded 45 known placeholder values
2026-03-04 22:41:31,781 [INFO]   259 unresolved placeholders found
2026-03-04 22:41:31,781 [INFO] --- STEP 3: AUTHORITY_CHECK ---
2026-03-04 22:41:32,031 [INFO]   Authority check passed: 820 citations verified
2026-03-04 22:41:32,049 [INFO] --- STEP 4: EVIDENCE_CHECK ---
2026-03-04 22:41:32,597 [INFO]   Evidence check passed: 35 refs, 0 files
2026-03-04 22:41:32,644 [INFO] --- STEP 5: COMPLIANCE_CHECK ---
2026-03-04 22:41:32,644 [INFO]   Compliance passed for 0 documents
2026-03-04 22:41:32,644 [INFO] --- STEP 6: QA_GATE (GO/NO-GO Decision) ---
2026-03-04 22:41:32,644 [INFO]   QA Gate verdict: GO (P:4 W:1 F:0)
2026-03-04 22:41:32,644 [INFO] --- STEP 7: PDF_GENERATION ---
2026-03-04 22:41:32,676 [INFO]   PDF generation: 20 documents prepared
2026-03-04 22:41:32,680 [INFO] --- STEP 8: EXHIBIT_COMPILATION ---
2026-03-04 22:41:32,697 [INFO]   Exhibit compilation: 0 files, 718 DB entries
2026-03-04 22:41:32,697 [INFO] --- STEP 9: SERVICE_PACKET ---
2026-03-04 22:41:32,713 [INFO]   Service packet generated: 226 parties
2026-03-04 22:41:32,714 [INFO] --- STEP 10: EFILING_PREP ---
2026-03-04 22:41:32,716 [INFO]   E-filing prep: MiFILE, 20 documents
2026-03-04 22:41:32,716 [INFO] --- STEP 11: FINAL_REPORT ---
2026-03-04 22:41:32,716 [INFO]   Final report written to C:\Users\andre\LitigationOS\05_BAR_BARNES\PRODUCTION_OUTPUT
2026-03-04 22:41:32,716 [INFO] ======================================================================
2026-03-04 22:41:32,716 [INFO] PIPELINE COMPLETE: 10/11 steps passed
2026-03-04 22:41:32,716 [INFO] VERDICT: GO
2026-03-04 22:41:32,716 [INFO] Output: C:\Users\andre\LitigationOS\05_BAR_BARNES\PRODUCTION_OUTPUT
2026-03-04 22:41:32,716 [INFO] ======================================================================
2026-03-04 22:41:32,730 [INFO]   Pipeline run logged to DB
