2026-03-04 22:41:32,730 [INFO] ======================================================================
2026-03-04 22:41:32,730 [INFO] FILING PRODUCTION PIPELINE v1.0
2026-03-04 22:41:32,730 [INFO] Stack: 06_EMERGENCY
2026-03-04 22:41:32,730 [INFO] Path:  C:\Users\andre\LitigationOS\06_EMERGENCY
2026-03-04 22:41:32,730 [INFO] Court: Emergency Filing
2026-03-04 22:41:32,730 [INFO] ======================================================================
2026-03-04 22:41:32,730 [INFO] --- STEP 1: INTAKE ---
2026-03-04 22:41:32,884 [INFO]   Intake complete: 335 docs, 0 evidence files
2026-03-04 22:41:32,884 [INFO] --- STEP 2: PLACEHOLDER_CHECK ---
2026-03-04 22:41:32,885 [INFO]   Loaded 45 known placeholder values
2026-03-04 22:41:34,770 [INFO]   5413 unresolved placeholders found
2026-03-04 22:41:34,770 [INFO] --- STEP 3: AUTHORITY_CHECK ---
2026-03-04 22:41:43,905 [INFO]   6 incomplete citations found
2026-03-04 22:41:43,925 [INFO] --- STEP 4: EVIDENCE_CHECK ---
2026-03-04 22:41:46,252 [INFO]   Evidence check passed: 399 refs, 0 files
2026-03-04 22:41:46,290 [INFO] --- STEP 5: COMPLIANCE_CHECK ---
2026-03-04 22:41:46,296 [INFO]   Compliance passed for 0 documents
2026-03-04 22:41:46,296 [INFO] --- STEP 6: QA_GATE (GO/NO-GO Decision) ---
2026-03-04 22:41:46,296 [INFO]   QA Gate verdict: GO (P:3 W:2 F:0)
2026-03-04 22:41:46,296 [INFO] --- STEP 7: PDF_GENERATION ---
2026-03-04 22:41:46,907 [INFO]   PDF generation: 198 documents prepared
2026-03-04 22:41:46,907 [INFO] --- STEP 8: EXHIBIT_COMPILATION ---
2026-03-04 22:41:46,926 [INFO]   Exhibit compilation: 0 files, 718 DB entries
2026-03-04 22:41:46,926 [INFO] --- STEP 9: SERVICE_PACKET ---
2026-03-04 22:41:46,940 [INFO]   Service packet generated: 226 parties
2026-03-04 22:41:46,940 [INFO] --- STEP 10: EFILING_PREP ---
2026-03-04 22:41:46,940 [INFO]   E-filing prep: MiFILE, 200 documents
2026-03-04 22:41:46,940 [INFO] --- STEP 11: FINAL_REPORT ---
2026-03-04 22:41:46,947 [INFO]   Final report written to C:\Users\andre\LitigationOS\06_EMERGENCY\PRODUCTION_OUTPUT
2026-03-04 22:41:46,947 [INFO] ======================================================================
2026-03-04 22:41:46,947 [INFO] PIPELINE COMPLETE: 9/11 steps passed
2026-03-04 22:41:46,947 [INFO] VERDICT: GO
2026-03-04 22:41:46,947 [INFO] Output: C:\Users\andre\LitigationOS\06_EMERGENCY\PRODUCTION_OUTPUT
2026-03-04 22:41:46,947 [INFO] ======================================================================
2026-03-04 22:41:46,950 [INFO]   Pipeline run logged to DB
