2026-03-04 22:41:09,647 [INFO] ======================================================================
2026-03-04 22:41:09,647 [INFO] FILING PRODUCTION PIPELINE v1.0
2026-03-04 22:41:09,648 [INFO] Stack: 04_JTC_MCNEILL
2026-03-04 22:41:09,648 [INFO] Path:  C:\Users\andre\LitigationOS\04_JTC_MCNEILL
2026-03-04 22:41:09,649 [INFO] Court: Judicial Tenure Commission
2026-03-04 22:41:09,649 [INFO] ======================================================================
2026-03-04 22:41:09,649 [INFO] --- STEP 1: INTAKE ---
2026-03-04 22:41:10,449 [INFO]   Intake complete: 2966 docs, 0 evidence files
2026-03-04 22:41:10,449 [INFO] --- STEP 2: PLACEHOLDER_CHECK ---
2026-03-04 22:41:10,449 [INFO]   Loaded 45 known placeholder values
2026-03-04 22:41:22,031 [INFO]   1987 unresolved placeholders found
2026-03-04 22:41:22,032 [INFO] --- STEP 3: AUTHORITY_CHECK ---
2026-03-04 22:41:28,047 [INFO]   Authority check passed: 23760 citations verified
2026-03-04 22:41:28,093 [INFO] --- STEP 4: EVIDENCE_CHECK ---
2026-03-04 22:41:30,154 [INFO]   Evidence check passed: 429 refs, 0 files
2026-03-04 22:41:30,192 [INFO] --- STEP 5: COMPLIANCE_CHECK ---
2026-03-04 22:41:30,204 [INFO]   Compliance passed for 0 documents
2026-03-04 22:41:30,204 [INFO] --- STEP 6: QA_GATE (GO/NO-GO Decision) ---
2026-03-04 22:41:30,204 [INFO]   QA Gate verdict: GO (P:4 W:1 F:0)
2026-03-04 22:41:30,204 [INFO] --- STEP 7: PDF_GENERATION ---
2026-03-04 22:41:30,560 [INFO]   PDF generation: 204 documents prepared
2026-03-04 22:41:30,560 [INFO] --- STEP 8: EXHIBIT_COMPILATION ---
2026-03-04 22:41:30,580 [INFO]   Exhibit compilation: 0 files, 718 DB entries
2026-03-04 22:41:30,580 [INFO] --- STEP 9: SERVICE_PACKET ---
2026-03-04 22:41:30,597 [INFO]   Service packet generated: 226 parties
2026-03-04 22:41:30,597 [INFO] --- STEP 10: EFILING_PREP ---
2026-03-04 22:41:30,597 [INFO]   E-filing prep: TrueFiling, 204 documents
2026-03-04 22:41:30,597 [INFO] --- STEP 11: FINAL_REPORT ---
2026-03-04 22:41:30,610 [INFO]   Final report written to C:\Users\andre\LitigationOS\04_JTC_MCNEILL\PRODUCTION_OUTPUT
2026-03-04 22:41:30,611 [INFO] ======================================================================
2026-03-04 22:41:30,611 [INFO] PIPELINE COMPLETE: 10/11 steps passed
2026-03-04 22:41:30,611 [INFO] VERDICT: GO
2026-03-04 22:41:30,611 [INFO] Output: C:\Users\andre\LitigationOS\04_JTC_MCNEILL\PRODUCTION_OUTPUT
2026-03-04 22:41:30,611 [INFO] ======================================================================
2026-03-04 22:41:30,616 [INFO]   Pipeline run logged to DB
