2026-03-04 22:40:33,830 [INFO] ======================================================================
2026-03-04 22:40:33,830 [INFO] FILING PRODUCTION PIPELINE v1.0
2026-03-04 22:40:33,830 [INFO] Stack: 02_TRIAL_14TH
2026-03-04 22:40:33,830 [INFO] Path:  C:\Users\andre\LitigationOS\02_TRIAL_14TH
2026-03-04 22:40:33,830 [INFO] Court: 14th Circuit Court
2026-03-04 22:40:33,830 [INFO] ======================================================================
2026-03-04 22:40:33,830 [INFO] --- STEP 1: INTAKE ---
2026-03-04 22:40:34,825 [INFO]   Intake complete: 3116 docs, 0 evidence files
2026-03-04 22:40:34,826 [INFO] --- STEP 2: PLACEHOLDER_CHECK ---
2026-03-04 22:40:34,826 [INFO]   Loaded 45 known placeholder values
2026-03-04 22:40:47,689 [INFO]   8711 unresolved placeholders found
2026-03-04 22:40:47,690 [INFO] --- STEP 3: AUTHORITY_CHECK ---
2026-03-04 22:41:00,332 [INFO]   24 incomplete citations found
2026-03-04 22:41:00,356 [INFO] --- STEP 4: EVIDENCE_CHECK ---
2026-03-04 22:41:03,955 [INFO]   Evidence check passed: 531 refs, 0 files
2026-03-04 22:41:03,995 [INFO] --- STEP 5: COMPLIANCE_CHECK ---
2026-03-04 22:41:04,047 [INFO]   Compliance passed for 0 documents
2026-03-04 22:41:04,047 [INFO] --- STEP 6: QA_GATE (GO/NO-GO Decision) ---
2026-03-04 22:41:04,047 [INFO]   QA Gate verdict: NO-GO (P:3 W:2 F:0)
2026-03-04 22:41:04,047 [INFO] --- STEP 7: PDF_GENERATION ---
2026-03-04 22:41:06,859 [INFO]   PDF generation: 1318 documents prepared
2026-03-04 22:41:06,860 [INFO] --- STEP 8: EXHIBIT_COMPILATION ---
2026-03-04 22:41:06,888 [INFO]   Exhibit compilation: 0 files, 718 DB entries
2026-03-04 22:41:06,888 [INFO] --- STEP 9: SERVICE_PACKET ---
2026-03-04 22:41:06,914 [INFO]   Service packet generated: 226 parties
2026-03-04 22:41:06,914 [INFO] --- STEP 10: EFILING_PREP ---
2026-03-04 22:41:06,936 [INFO]   E-filing prep: MiFILE, 1365 documents
2026-03-04 22:41:06,936 [INFO] --- STEP 11: FINAL_REPORT ---
2026-03-04 22:41:06,936 [INFO]   Final report written to C:\Users\andre\LitigationOS\02_TRIAL_14TH\PRODUCTION_OUTPUT
2026-03-04 22:41:06,936 [INFO] ======================================================================
2026-03-04 22:41:06,936 [INFO] PIPELINE COMPLETE: 8/11 steps passed
2026-03-04 22:41:06,936 [INFO] VERDICT: NO-GO
2026-03-04 22:41:06,936 [INFO] Output: C:\Users\andre\LitigationOS\02_TRIAL_14TH\PRODUCTION_OUTPUT
2026-03-04 22:41:06,936 [INFO] ======================================================================
2026-03-04 22:41:06,970 [INFO]   Pipeline run logged to DB
