2026-03-04 22:41:06,981 [INFO] ======================================================================
2026-03-04 22:41:06,981 [INFO] FILING PRODUCTION PIPELINE v1.0
2026-03-04 22:41:06,981 [INFO] Stack: 03_FEDERAL_1983
2026-03-04 22:41:06,982 [INFO] Path:  C:\Users\andre\LitigationOS\03_FEDERAL_1983
2026-03-04 22:41:06,982 [INFO] Court: WDMI Federal Court
2026-03-04 22:41:06,982 [INFO] ======================================================================
2026-03-04 22:41:06,982 [INFO] --- STEP 1: INTAKE ---
2026-03-04 22:41:07,120 [INFO]   Intake complete: 117 docs, 0 evidence files
2026-03-04 22:41:07,120 [INFO] --- STEP 2: PLACEHOLDER_CHECK ---
2026-03-04 22:41:07,120 [INFO]   Loaded 45 known placeholder values
2026-03-04 22:41:08,153 [INFO]   568 unresolved placeholders found
2026-03-04 22:41:08,154 [INFO] --- STEP 3: AUTHORITY_CHECK ---
2026-03-04 22:41:08,747 [INFO]   Authority check passed: 2208 citations verified
2026-03-04 22:41:08,770 [INFO] --- STEP 4: EVIDENCE_CHECK ---
2026-03-04 22:41:09,436 [INFO]   Evidence check passed: 90 refs, 0 files
2026-03-04 22:41:09,469 [INFO] --- STEP 5: COMPLIANCE_CHECK ---
2026-03-04 22:41:09,480 [INFO]   Compliance passed for 0 documents
2026-03-04 22:41:09,481 [INFO] --- STEP 6: QA_GATE (GO/NO-GO Decision) ---
2026-03-04 22:41:09,481 [INFO]   QA Gate verdict: GO (P:4 W:1 F:0)
2026-03-04 22:41:09,481 [INFO] --- STEP 7: PDF_GENERATION ---
2026-03-04 22:41:09,584 [INFO]   PDF generation: 86 documents prepared
2026-03-04 22:41:09,584 [INFO] --- STEP 8: EXHIBIT_COMPILATION ---
2026-03-04 22:41:09,602 [INFO]   Exhibit compilation: 0 files, 718 DB entries
2026-03-04 22:41:09,602 [INFO] --- STEP 9: SERVICE_PACKET ---
2026-03-04 22:41:09,620 [INFO]   Service packet generated: 226 parties
2026-03-04 22:41:09,620 [INFO] --- STEP 10: EFILING_PREP ---
2026-03-04 22:41:09,630 [INFO]   E-filing prep: PACER/CM/ECF, 89 documents
2026-03-04 22:41:09,630 [INFO] --- STEP 11: FINAL_REPORT ---
2026-03-04 22:41:09,633 [INFO]   Final report written to C:\Users\andre\LitigationOS\03_FEDERAL_1983\PRODUCTION_OUTPUT
2026-03-04 22:41:09,633 [INFO] ======================================================================
2026-03-04 22:41:09,633 [INFO] PIPELINE COMPLETE: 10/11 steps passed
2026-03-04 22:41:09,634 [INFO] VERDICT: GO
2026-03-04 22:41:09,634 [INFO] Output: C:\Users\andre\LitigationOS\03_FEDERAL_1983\PRODUCTION_OUTPUT
2026-03-04 22:41:09,634 [INFO] ======================================================================
2026-03-04 22:41:09,645 [INFO]   Pipeline run logged to DB
